<?xml version="1.0" encoding="UTF-8"?>
<!-- Generated by org.testng.reporters.JUnitReportReporter -->
<testsuite skipped="0" hostname="Prabus-MacBook-Pro.local" name="testPackage.LibraryAPI" tests="3" failures="0" timestamp="2020-10-10T21:34:26 IST" time="2.347" errors="0">
  <testcase name="addBook" time="1.883" classname="testPackage.LibraryAPI"/>
  <system-out/>
  <testcase name="addBook" time="0.237" classname="testPackage.LibraryAPI"/>
  <system-out/>
  <testcase name="addBook" time="0.227" classname="testPackage.LibraryAPI"/>
  <system-out/>
</testsuite> <!-- testPackage.LibraryAPI -->
